<?xml version="1.0" encoding="UTF-8" ?>
<testsuite failures="0" time="1.574" errors="0" skipped="0" tests="1" name="TestSuite">
  <properties>
    <property name="java.runtime.name" value="OpenJDK Runtime Environment"/>
    <property name="sun.boot.library.path" value="/usr/lib/jvm/java-1.6.0-openjdk-1.6.0/jre/lib/i386"/>
    <property name="java.vm.version" value="20.0-b11"/>
    <property name="java.vm.vendor" value="Sun Microsystems Inc."/>
    <property name="java.vendor.url" value="http://java.sun.com/"/>
    <property name="path.separator" value=":"/>
    <property name="java.vm.name" value="OpenJDK Server VM"/>
    <property name="file.encoding.pkg" value="sun.io"/>
    <property name="user.country" value="US"/>
    <property name="sun.java.launcher" value="SUN_STANDARD"/>
    <property name="sun.os.patch.level" value="unknown"/>
    <property name="java.vm.specification.name" value="Java Virtual Machine Specification"/>
    <property name="user.dir" value="/home/sdacalor/Documents/workspace/ERP_Project/erp/erp-util"/>
    <property name="java.runtime.version" value="1.6.0_22-b22"/>
    <property name="java.awt.graphicsenv" value="sun.awt.X11GraphicsEnvironment"/>
    <property name="basedir" value="/home/sdacalor/Documents/workspace/ERP_Project/erp/erp-util"/>
    <property name="java.endorsed.dirs" value="/usr/lib/jvm/java-1.6.0-openjdk-1.6.0/jre/lib/endorsed"/>
    <property name="os.arch" value="i386"/>
    <property name="surefire.real.class.path" value="/tmp/surefirebooter6188340120340322141.jar"/>
    <property name="java.io.tmpdir" value="/tmp"/>
    <property name="line.separator" value="
"/>
    <property name="java.vm.specification.vendor" value="Sun Microsystems Inc."/>
    <property name="os.name" value="Linux"/>
    <property name="sun.jnu.encoding" value="UTF-8"/>
    <property name="java.library.path" value="/usr/lib/jvm/java-1.6.0-openjdk-1.6.0/jre/lib/i386/server:/usr/lib/jvm/java-1.6.0-openjdk-1.6.0/jre/lib/i386:/usr/lib/jvm/java-1.6.0-openjdk-1.6.0/jre/../lib/i386:/usr/lib/mpi/gcc/openmpi/lib:/usr/java/packages/lib/i386:/lib:/usr/lib"/>
    <property name="surefire.test.class.path" value="/home/sdacalor/Documents/workspace/ERP_Project/erp/erp-util/target/test-classes:/home/sdacalor/Documents/workspace/ERP_Project/erp/erp-util/target/classes:/home/sdacalor/.m2/repository/log4j/log4j/1.2.13/log4j-1.2.13.jar:/home/sdacalor/.m2/repository/org/testng/testng/5.10/testng-5.10-jdk15.jar:/home/sdacalor/.m2/repository/junit/junit/3.8.1/junit-3.8.1.jar:/home/sdacalor/.m2/repository/org/jboss/seam/jboss-seam/2.2.0.GA/jboss-seam-2.2.0.GA.jar:/home/sdacalor/.m2/repository/xstream/xstream/1.1.3/xstream-1.1.3.jar:/home/sdacalor/.m2/repository/xpp3/xpp3_min/1.1.3.4.O/xpp3_min-1.1.3.4.O.jar:/home/sdacalor/.m2/repository/org/jboss/el/jboss-el/1.0_02.CR4/jboss-el-1.0_02.CR4.jar:/home/sdacalor/.m2/repository/javax/el/el-api/1.0/el-api-1.0.jar:"/>
    <property name="java.specification.name" value="Java Platform API Specification"/>
    <property name="java.class.version" value="50.0"/>
    <property name="sun.management.compiler" value="HotSpot Tiered Compilers"/>
    <property name="os.version" value="2.6.37.6-0.9-desktop"/>
    <property name="user.home" value="/home/sdacalor"/>
    <property name="user.timezone" value="Europe/Paris"/>
    <property name="java.awt.printerjob" value="sun.print.PSPrinterJob"/>
    <property name="file.encoding" value="UTF-8"/>
    <property name="java.specification.version" value="1.6"/>
    <property name="user.name" value="sdacalor"/>
    <property name="java.class.path" value="/home/sdacalor/Documents/workspace/ERP_Project/erp/erp-util/target/test-classes:/home/sdacalor/Documents/workspace/ERP_Project/erp/erp-util/target/classes:/home/sdacalor/.m2/repository/log4j/log4j/1.2.13/log4j-1.2.13.jar:/home/sdacalor/.m2/repository/org/testng/testng/5.10/testng-5.10-jdk15.jar:/home/sdacalor/.m2/repository/junit/junit/3.8.1/junit-3.8.1.jar:/home/sdacalor/.m2/repository/org/jboss/seam/jboss-seam/2.2.0.GA/jboss-seam-2.2.0.GA.jar:/home/sdacalor/.m2/repository/xstream/xstream/1.1.3/xstream-1.1.3.jar:/home/sdacalor/.m2/repository/xpp3/xpp3_min/1.1.3.4.O/xpp3_min-1.1.3.4.O.jar:/home/sdacalor/.m2/repository/org/jboss/el/jboss-el/1.0_02.CR4/jboss-el-1.0_02.CR4.jar:/home/sdacalor/.m2/repository/javax/el/el-api/1.0/el-api-1.0.jar:"/>
    <property name="java.vm.specification.version" value="1.0"/>
    <property name="sun.arch.data.model" value="32"/>
    <property name="java.home" value="/usr/lib/jvm/java-1.6.0-openjdk-1.6.0/jre"/>
    <property name="sun.java.command" value="/tmp/surefirebooter6188340120340322141.jar /tmp/surefire6940288126159270571tmp /tmp/surefire5295483919794946946tmp"/>
    <property name="java.specification.vendor" value="Sun Microsystems Inc."/>
    <property name="user.language" value="en"/>
    <property name="java.vm.info" value="mixed mode"/>
    <property name="java.version" value="1.6.0_22"/>
    <property name="java.ext.dirs" value="/usr/lib/jvm/java-1.6.0-openjdk-1.6.0/jre/lib/ext:/usr/java/packages/lib/ext"/>
    <property name="sun.boot.class.path" value="/usr/lib/jvm/java-1.6.0-openjdk-1.6.0/jre/lib/resources.jar:/usr/lib/jvm/java-1.6.0-openjdk-1.6.0/jre/lib/rt.jar:/usr/lib/jvm/java-1.6.0-openjdk-1.6.0/jre/lib/sunrsasign.jar:/usr/lib/jvm/java-1.6.0-openjdk-1.6.0/jre/lib/jsse.jar:/usr/lib/jvm/java-1.6.0-openjdk-1.6.0/jre/lib/jce.jar:/usr/lib/jvm/java-1.6.0-openjdk-1.6.0/jre/lib/charsets.jar:/usr/lib/jvm/java-1.6.0-openjdk-1.6.0/jre/lib/netx.jar:/usr/lib/jvm/java-1.6.0-openjdk-1.6.0/jre/lib/plugin.jar:/usr/lib/jvm/java-1.6.0-openjdk-1.6.0/jre/lib/rhino.jar:/usr/lib/jvm/java-1.6.0-openjdk-1.6.0/jre/lib/modules/jdk.boot.jar:/usr/lib/jvm/java-1.6.0-openjdk-1.6.0/jre/classes"/>
    <property name="java.vendor" value="Sun Microsystems Inc."/>
    <property name="localRepository" value="/home/sdacalor/.m2/repository"/>
    <property name="file.separator" value="/"/>
    <property name="java.vendor.url.bug" value="http://java.sun.com/cgi-bin/bugreport.cgi"/>
    <property name="sun.cpu.endian" value="little"/>
    <property name="sun.io.unicode.encoding" value="UnicodeLittle"/>
    <property name="sun.cpu.isalist" value=""/>
  </properties>
  <testcase time="0.097" classname="com.ic2k.erp.util.VersionTest" name="testVersion"/>
</testsuite>