<?xml version="1.0" encoding="UTF-8" ?>
<testsuite failures="0" time="150.497" errors="0" skipped="0" tests="2" name="TestSuite">
  <properties>
    <property name="java.vendor" value="Sun Microsystems Inc."/>
    <property name="localRepository" value="/home/sdacalor/.m2/repository"/>
    <property name="sun.java.launcher" value="SUN_STANDARD"/>
    <property name="sun.management.compiler" value="HotSpot Tiered Compilers"/>
    <property name="os.name" value="Linux"/>
    <property name="sun.boot.class.path" value="/usr/lib/jvm/java-1.6.0-openjdk-1.6.0/jre/lib/resources.jar:/usr/lib/jvm/java-1.6.0-openjdk-1.6.0/jre/lib/rt.jar:/usr/lib/jvm/java-1.6.0-openjdk-1.6.0/jre/lib/sunrsasign.jar:/usr/lib/jvm/java-1.6.0-openjdk-1.6.0/jre/lib/jsse.jar:/usr/lib/jvm/java-1.6.0-openjdk-1.6.0/jre/lib/jce.jar:/usr/lib/jvm/java-1.6.0-openjdk-1.6.0/jre/lib/charsets.jar:/usr/lib/jvm/java-1.6.0-openjdk-1.6.0/jre/lib/netx.jar:/usr/lib/jvm/java-1.6.0-openjdk-1.6.0/jre/lib/plugin.jar:/usr/lib/jvm/java-1.6.0-openjdk-1.6.0/jre/lib/rhino.jar:/usr/lib/jvm/java-1.6.0-openjdk-1.6.0/jre/lib/modules/jdk.boot.jar:/usr/lib/jvm/java-1.6.0-openjdk-1.6.0/jre/classes"/>
    <property name="java.vm.specification.vendor" value="Sun Microsystems Inc."/>
    <property name="java.runtime.version" value="1.6.0_22-b22"/>
    <property name="sun.lang.ClassLoader.allowArraySyntax" value="true"/>
    <property name="user.name" value="sdacalor"/>
    <property name="jboss.remoting.version" value="22"/>
    <property name="jboss.bind.address" value="127.0.0.1"/>
    <property name="jboss.home.dir" value="/home/sdacalor/Documents/workspace/trunk/erp/erp-tests/target/test-classes"/>
    <property name="user.language" value="en"/>
    <property name="sun.boot.library.path" value="/usr/lib/jvm/java-1.6.0-openjdk-1.6.0/jre/lib/i386"/>
    <property name="com.arjuna.ats.jta.lastResourceOptimisationInterface" value="org.jboss.tm.LastResource"/>
    <property name="jboss.home.url" value="file:/home/sdacalor/Documents/workspace/trunk/erp/erp-tests/target/test-classes/"/>
    <property name="java.version" value="1.6.0_22"/>
    <property name="user.timezone" value="Europe/Paris"/>
    <property name="hibernate.bytecode.provider" value="javassist"/>
    <property name="sun.arch.data.model" value="32"/>
    <property name="java.endorsed.dirs" value="/usr/lib/jvm/java-1.6.0-openjdk-1.6.0/jre/lib/endorsed"/>
    <property name="jboss.server.home.url" value="file:/home/sdacalor/Documents/workspace/trunk/erp/erp-tests/target/test-classes/server/default/"/>
    <property name="sun.cpu.isalist" value=""/>
    <property name="sun.jnu.encoding" value="UTF-8"/>
    <property name="file.encoding.pkg" value="sun.io"/>
    <property name="com.arjuna.ats.arjuna.common.propertiesFile" value="/home/sdacalor/Documents/workspace/trunk/erp/erp-tests/target/test-classes/conf/jbossjta-properties.xml"/>
    <property name="file.separator" value="/"/>
    <property name="java.specification.name" value="Java Platform API Specification"/>
    <property name="com.arjuna.ats.tsmx.agentimpl" value="com.arjuna.ats.internal.jbossatx.agent.LocalJBossAgentImpl"/>
    <property name="java.class.version" value="50.0"/>
    <property name="user.country" value="US"/>
    <property name="java.home" value="/usr/lib/jvm/java-1.6.0-openjdk-1.6.0/jre"/>
    <property name="java.vm.info" value="mixed mode"/>
    <property name="os.version" value="2.6.37.6-0.9-desktop"/>
    <property name="surefire.real.class.path" value="/tmp/surefirebooter8503170820635958929.jar"/>
    <property name="jboss.embedded.bootstrap.resource.path" value=""/>
    <property name="path.separator" value=":"/>
    <property name="java.vm.version" value="20.0-b11"/>
    <property name="java.protocol.handler.pkgs" value="org.jboss.net.protocol|org.jboss.virtual.protocol|org.jboss.ejb3.protocol"/>
    <property name="java.awt.printerjob" value="sun.print.PSPrinterJob"/>
    <property name="sun.io.unicode.encoding" value="UnicodeLittle"/>
    <property name="jboss.server.temp.dir" value="/home/sdacalor/Documents/workspace/trunk/erp/erp-tests/target/test-classes/tmp"/>
    <property name="user.home" value="/home/sdacalor"/>
    <property name="java.specification.vendor" value="Sun Microsystems Inc."/>
    <property name="java.library.path" value="/usr/lib/jvm/java-1.6.0-openjdk-1.6.0/jre/lib/i386/server:/usr/lib/jvm/java-1.6.0-openjdk-1.6.0/jre/lib/i386:/usr/lib/jvm/java-1.6.0-openjdk-1.6.0/jre/../lib/i386:/usr/lib/mpi/gcc/openmpi/lib:/usr/java/packages/lib/i386:/lib:/usr/lib"/>
    <property name="java.vendor.url" value="http://java.sun.com/"/>
    <property name="java.vm.vendor" value="Sun Microsystems Inc."/>
    <property name="java.runtime.name" value="OpenJDK Runtime Environment"/>
    <property name="sun.java.command" value="/tmp/surefirebooter8503170820635958929.jar /tmp/surefire8093849758719308546tmp /tmp/surefire499455368650890441tmp"/>
    <property name="java.class.path" value="/home/sdacalor/Documents/workspace/trunk/erp/erp-tests/target/test-classes:/home/sdacalor/Documents/workspace/trunk/erp/erp-tests/target/classes:/home/sdacalor/.m2/repository/org/jboss/embedded/jboss-embedded-all/beta3.SP12/jboss-embedded-all-beta3.SP12.jar:/home/sdacalor/.m2/repository/org/jboss/embedded/jboss-embedded/beta3.SP12/jboss-embedded-beta3.SP12.jar:/home/sdacalor/.m2/repository/org/jboss/microcontainer/jboss-deployers-client-spi/2.0.0.Beta6/jboss-deployers-client-spi-2.0.0.Beta6.jar:/home/sdacalor/.m2/repository/org/jboss/microcontainer/jboss-deployers-core-spi/2.0.0.Beta6/jboss-deployers-core-spi-2.0.0.Beta6.jar:/home/sdacalor/.m2/repository/org/jboss/embedded/thirdparty-all/beta3.SP12/thirdparty-all-beta3.SP12.jar:/home/sdacalor/.m2/repository/org/jboss/embedded/hibernate-all/beta3.SP12/hibernate-all-beta3.SP12.jar:/home/sdacalor/.m2/repository/org/testng/testng/5.10/testng-5.10-jdk15.jar:/home/sdacalor/.m2/repository/junit/junit/3.8.1/junit-3.8.1.jar:/home/sdacalor/Documents/workspace/trunk/erp/erp-ejb/target/erp-ejb-0.0.1-SNAPSHOT.jar:/home/sdacalor/.m2/repository/org/richfaces/framework/richfaces-api/3.3.2.SR1/richfaces-api-3.3.2.SR1.jar:/home/sdacalor/.m2/repository/commons-collections/commons-collections/3.2/commons-collections-3.2.jar:/home/sdacalor/.m2/repository/commons-beanutils/commons-beanutils/1.7.0/commons-beanutils-1.7.0.jar:/home/sdacalor/.m2/repository/commons-logging/commons-logging/1.1.1/commons-logging-1.1.1.jar:/home/sdacalor/.m2/repository/commons-lang/commons-lang/2.4/commons-lang-2.4.jar:/home/sdacalor/.m2/repository/net/sf/ehcache/ehcache-core/1.7.2/ehcache-core-1.7.2.jar:/home/sdacalor/.m2/repository/org/drools/drools-compiler/5.0.1/drools-compiler-5.0.1.jar:/home/sdacalor/.m2/repository/org/drools/drools-core/5.0.1/drools-core-5.0.1.jar:/home/sdacalor/.m2/repository/org/drools/drools-api/5.0.1/drools-api-5.0.1.jar:/home/sdacalor/.m2/repository/joda-time/joda-time/1.6/joda-time-1.6.jar:/home/sdacalor/.m2/repository/org/antlr/antlr-runtime/3.1.1/antlr-runtime-3.1.1.jar:/home/sdacalor/.m2/repository/org/eclipse/jdt/core/3.4.2.v_883_R34x/core-3.4.2.v_883_R34x.jar:/home/sdacalor/.m2/repository/janino/janino/2.5.15/janino-2.5.15.jar:/home/sdacalor/.m2/repository/org/mvel/mvel2/2.0.10/mvel2-2.0.10.jar:/home/sdacalor/.m2/repository/org/jboss/seam/jboss-seam/2.2.0.GA/jboss-seam-2.2.0.GA.jar:/home/sdacalor/.m2/repository/xstream/xstream/1.1.3/xstream-1.1.3.jar:/home/sdacalor/.m2/repository/xpp3/xpp3_min/1.1.3.4.O/xpp3_min-1.1.3.4.O.jar:/home/sdacalor/.m2/repository/org/jboss/el/jboss-el/1.0_02.CR4/jboss-el-1.0_02.CR4.jar:/home/sdacalor/.m2/repository/javax/el/el-api/1.0/el-api-1.0.jar:/home/sdacalor/.m2/repository/org/slf4j/slf4j-log4j12/1.5.8/slf4j-log4j12-1.5.8.jar:/home/sdacalor/.m2/repository/org/slf4j/slf4j-api/1.5.8/slf4j-api-1.5.8.jar:/home/sdacalor/.m2/repository/log4j/log4j/1.2.13/log4j-1.2.13.jar:/home/sdacalor/.m2/repository/javax/faces/jsf-api/1.2_12/jsf-api-1.2_12.jar:/home/sdacalor/.m2/repository/javax/mail/mail/1.4/mail-1.4.jar:/home/sdacalor/.m2/repository/javax/activation/activation/1.1/activation-1.1.jar:/home/sdacalor/.m2/repository/mysql/mysql-connector-java/5.1.6/mysql-connector-java-5.1.6.jar:/home/sdacalor/Documents/workspace/trunk/erp/erp-tests/../erp-web/src/main/webapp:"/>
    <property name="jbossmx.loader.repository.class" value="org.jboss.mx.loading.UnifiedLoaderRepository3"/>
    <property name="java.vm.specification.name" value="Java Virtual Machine Specification"/>
    <property name="java.vm.specification.version" value="1.0"/>
    <property name="sun.cpu.endian" value="little"/>
    <property name="sun.os.patch.level" value="unknown"/>
    <property name="surefire.test.class.path" value="/home/sdacalor/Documents/workspace/trunk/erp/erp-tests/target/test-classes:/home/sdacalor/Documents/workspace/trunk/erp/erp-tests/target/classes:/home/sdacalor/.m2/repository/org/jboss/embedded/jboss-embedded-all/beta3.SP12/jboss-embedded-all-beta3.SP12.jar:/home/sdacalor/.m2/repository/org/jboss/embedded/jboss-embedded/beta3.SP12/jboss-embedded-beta3.SP12.jar:/home/sdacalor/.m2/repository/org/jboss/microcontainer/jboss-deployers-client-spi/2.0.0.Beta6/jboss-deployers-client-spi-2.0.0.Beta6.jar:/home/sdacalor/.m2/repository/org/jboss/microcontainer/jboss-deployers-core-spi/2.0.0.Beta6/jboss-deployers-core-spi-2.0.0.Beta6.jar:/home/sdacalor/.m2/repository/org/jboss/embedded/thirdparty-all/beta3.SP12/thirdparty-all-beta3.SP12.jar:/home/sdacalor/.m2/repository/org/jboss/embedded/hibernate-all/beta3.SP12/hibernate-all-beta3.SP12.jar:/home/sdacalor/.m2/repository/org/testng/testng/5.10/testng-5.10-jdk15.jar:/home/sdacalor/.m2/repository/junit/junit/3.8.1/junit-3.8.1.jar:/home/sdacalor/Documents/workspace/trunk/erp/erp-ejb/target/erp-ejb-0.0.1-SNAPSHOT.jar:/home/sdacalor/.m2/repository/org/richfaces/framework/richfaces-api/3.3.2.SR1/richfaces-api-3.3.2.SR1.jar:/home/sdacalor/.m2/repository/commons-collections/commons-collections/3.2/commons-collections-3.2.jar:/home/sdacalor/.m2/repository/commons-beanutils/commons-beanutils/1.7.0/commons-beanutils-1.7.0.jar:/home/sdacalor/.m2/repository/commons-logging/commons-logging/1.1.1/commons-logging-1.1.1.jar:/home/sdacalor/.m2/repository/commons-lang/commons-lang/2.4/commons-lang-2.4.jar:/home/sdacalor/.m2/repository/net/sf/ehcache/ehcache-core/1.7.2/ehcache-core-1.7.2.jar:/home/sdacalor/.m2/repository/org/drools/drools-compiler/5.0.1/drools-compiler-5.0.1.jar:/home/sdacalor/.m2/repository/org/drools/drools-core/5.0.1/drools-core-5.0.1.jar:/home/sdacalor/.m2/repository/org/drools/drools-api/5.0.1/drools-api-5.0.1.jar:/home/sdacalor/.m2/repository/joda-time/joda-time/1.6/joda-time-1.6.jar:/home/sdacalor/.m2/repository/org/antlr/antlr-runtime/3.1.1/antlr-runtime-3.1.1.jar:/home/sdacalor/.m2/repository/org/eclipse/jdt/core/3.4.2.v_883_R34x/core-3.4.2.v_883_R34x.jar:/home/sdacalor/.m2/repository/janino/janino/2.5.15/janino-2.5.15.jar:/home/sdacalor/.m2/repository/org/mvel/mvel2/2.0.10/mvel2-2.0.10.jar:/home/sdacalor/.m2/repository/org/jboss/seam/jboss-seam/2.2.0.GA/jboss-seam-2.2.0.GA.jar:/home/sdacalor/.m2/repository/xstream/xstream/1.1.3/xstream-1.1.3.jar:/home/sdacalor/.m2/repository/xpp3/xpp3_min/1.1.3.4.O/xpp3_min-1.1.3.4.O.jar:/home/sdacalor/.m2/repository/org/jboss/el/jboss-el/1.0_02.CR4/jboss-el-1.0_02.CR4.jar:/home/sdacalor/.m2/repository/javax/el/el-api/1.0/el-api-1.0.jar:/home/sdacalor/.m2/repository/org/slf4j/slf4j-log4j12/1.5.8/slf4j-log4j12-1.5.8.jar:/home/sdacalor/.m2/repository/org/slf4j/slf4j-api/1.5.8/slf4j-api-1.5.8.jar:/home/sdacalor/.m2/repository/log4j/log4j/1.2.13/log4j-1.2.13.jar:/home/sdacalor/.m2/repository/javax/faces/jsf-api/1.2_12/jsf-api-1.2_12.jar:/home/sdacalor/.m2/repository/javax/mail/mail/1.4/mail-1.4.jar:/home/sdacalor/.m2/repository/javax/activation/activation/1.1/activation-1.1.jar:/home/sdacalor/.m2/repository/mysql/mysql-connector-java/5.1.6/mysql-connector-java-5.1.6.jar:/home/sdacalor/Documents/workspace/trunk/erp/erp-tests/../erp-web/src/main/webapp:"/>
    <property name="com.arjuna.ats.arjuna.objectstore.objectStoreDir" value="/home/sdacalor/Documents/workspace/trunk/erp/erp-tests/target/test-classes/data/tx-object-store"/>
    <property name="TSMX_VERSION" value="unknown"/>
    <property name="java.io.tmpdir" value="/tmp"/>
    <property name="org.w3c.dom.DOMImplementationSourceList" value="org.apache.xerces.dom.DOMXSImplementationSourceImpl"/>
    <property name="java.vendor.url.bug" value="http://java.sun.com/cgi-bin/bugreport.cgi"/>
    <property name="jboss.server.data.dir" value="/home/sdacalor/Documents/workspace/trunk/erp/erp-tests/target/test-classes/data"/>
    <property name="os.arch" value="i386"/>
    <property name="java.awt.graphicsenv" value="sun.awt.X11GraphicsEnvironment"/>
    <property name="java.ext.dirs" value="/usr/lib/jvm/java-1.6.0-openjdk-1.6.0/jre/lib/ext:/usr/java/packages/lib/ext"/>
    <property name="PROPERTIES_FILE" value="tsmx.properties"/>
    <property name="user.dir" value="/home/sdacalor/Documents/workspace/trunk/erp/erp-tests"/>
    <property name="line.separator" value="
"/>
    <property name="java.vm.name" value="OpenJDK Server VM"/>
    <property name="org.apache.commons.logging.Log" value="org.apache.commons.logging.impl.NoOpLog"/>
    <property name="basedir" value="/home/sdacalor/Documents/workspace/trunk/erp/erp-tests"/>
    <property name="jboss.server.base.url" value="file:/home/sdacalor/Documents/workspace/trunk/erp/erp-tests/target/test-classes/server/"/>
    <property name="javax.management.builder.initial" value="org.jboss.mx.server.MBeanServerBuilderImpl"/>
    <property name="file.encoding" value="UTF-8"/>
    <property name="java.specification.version" value="1.6"/>
    <property name="jboss.server.name" value="default"/>
  </properties>
  <testcase time="0.49" classname="com.ic2k.erp.tests.LoginIntegrationTest" name="testLogin"/>
  <testcase time="0.006" classname="com.ic2k.erp.tests.LoginIntegrationTest" name="testLoginComponent"/>
</testsuite>